<?xml version="1.0" encoding="UTF-8"?>
<!-- Generated by org.testng.reporters.JUnitReportReporter -->
<testsuite hostname="DESKTOP-HRO1N4I" failures="0" tests="2" name="test.Testexample" time="5.189" errors="0" timestamp="2024-11-07T13:13:43 IST" skipped="0">
  <testcase classname="test.Testexample" name="test_2" time="1.555"/>
  <testcase classname="test.Testexample" name="test_1" time="3.634"/>
</testsuite> <!-- test.Testexample -->
