<?xml version="1.0" encoding="UTF-8"?>
<!-- Generated by org.testng.reporters.JUnitReportReporter -->
<testsuite hostname="DESKTOP-HRO1N4I" failures="0" tests="3" name="test.Putpacthanddelete" time="4.677" errors="0" timestamp="2024-11-08T13:39:35 IST" skipped="0">
  <testcase classname="test.Putpacthanddelete" name="testPatch" time="0.502"/>
  <testcase classname="test.Putpacthanddelete" name="testDelete" time="3.768"/>
  <testcase classname="test.Putpacthanddelete" name="testPut" time="0.407"/>
</testsuite> <!-- test.Putpacthanddelete -->
