<?xml version="1.0" encoding="UTF-8"?>
<!-- Generated by org.testng.reporters.JUnitReportReporter -->
<testsuite hostname="DESKTOP-HRO1N4I" failures="0" tests="1" name="test.Getandpost" time="3.962" errors="0" timestamp="2024-11-08T12:55:35 IST" skipped="0">
  <testcase classname="test.Getandpost" name="testpost" time="3.962"/>
</testsuite> <!-- test.Getandpost -->
